Drill report for USR_32bit_Full.kicad_pcb
Created on 2026-07-14T02:37:30

Copper Layer Stackup:
    =============================================================
    L1 :  F.Cu                      front
    L2 :  B.Cu                      back


Drill file 'USR_32bit_Full-PTH-drl.gbr' contains
    plated through holes:
    =============================================================
    T1  0.300mm  0.0118"  (27 holes))
    T2  0.800mm  0.0315"  (241 holes))
    T3  0.900mm  0.0354"  (64 holes))
    T4  1.000mm  0.0394"  (36 holes))
    T5  1.100mm  0.0433"  (4 holes))
    T6  1.500mm  0.0591"  (6 holes))
    T7  3.200mm  0.1260"  (4 holes))

    Total plated holes count 382


Drill file 'USR_32bit_Full-NPTH-drl.gbr' contains
    unplated through holes:
    =============================================================

    Total unplated holes count 0
